----------------------------------------------------------------
Wed Mar 07 09:57:01 GMT 2018:
Booting Derby version The Apache Software Foundation - Apache Derby - 10.11.1.1 - (1616546): instance a816c00e-0161-ffe4-82f6-00000d4946e0 
on database directory memory:/Users/jonesn/IdeaProjects/ranger/kms/derbyDB with class loader sun.misc.Launcher$AppClassLoader@7d4991ad 
Loaded from file:/Users/jonesn/.m2/repository/org/apache/derby/derby/10.11.1.1/derby-10.11.1.1.jar
java.vendor=Oracle Corporation
java.runtime.version=1.8.0_162-b12
user.dir=/Users/jonesn/IdeaProjects/ranger/kms
os.name=Mac OS X
os.arch=x86_64
os.version=10.13.4
derby.system.home=null
Database Class Loader started - derby.database.classpath=''
----------------------------------------------------------------
Wed Mar 07 09:57:03 GMT 2018:
Shutting down instance a816c00e-0161-ffe4-82f6-00000d4946e0 on database directory memory:/Users/jonesn/IdeaProjects/ranger/kms/derbyDB with class loader sun.misc.Launcher$AppClassLoader@7d4991ad 
----------------------------------------------------------------
Wed Mar 07 09:57:04 GMT 2018:
Booting Derby version The Apache Software Foundation - Apache Derby - 10.11.1.1 - (1616546): instance 5bd340ca-0161-ffe4-82f6-00000d4946e0 
on database directory memory:/Users/jonesn/IdeaProjects/ranger/kms/derbyDB with class loader sun.misc.Launcher$AppClassLoader@7d4991ad 
Loaded from file:/Users/jonesn/.m2/repository/org/apache/derby/derby/10.11.1.1/derby-10.11.1.1.jar
java.vendor=Oracle Corporation
java.runtime.version=1.8.0_162-b12
user.dir=/Users/jonesn/IdeaProjects/ranger/kms
os.name=Mac OS X
os.arch=x86_64
os.version=10.13.4
derby.system.home=null
Database Class Loader started - derby.database.classpath=''
----------------------------------------------------------------
Wed Mar 07 09:57:04 GMT 2018:
Shutting down instance 5bd340ca-0161-ffe4-82f6-00000d4946e0 on database directory memory:/Users/jonesn/IdeaProjects/ranger/kms/derbyDB with class loader sun.misc.Launcher$AppClassLoader@7d4991ad 
